<?xml version="1.0" encoding="UTF-8"?>
<!-- Generated by org.testng.reporters.JUnitReportReporter -->
<testsuite hostname="SL-1246" failures="0" tests="9" name="com.DemoTest.Tests.WebDemoTest" time="252.483" errors="0" timestamp="10 Apr 2020 19:34:42 GMT">
  <testcase classname="com.DemoTest.Tests.WebDemoTest" name="LoginDesktopWebHeadless" time="27.137"/>
  <testcase classname="com.DemoTest.Tests.WebDemoTest" name="LoginDesktopWebHeadless" time="26.992"/>
  <testcase classname="com.DemoTest.Tests.WebDemoTest" name="LoginDesktopWebHeadless" time="26.783"/>
  <testcase classname="com.DemoTest.Tests.WebDemoTest" name="LoginDesktopWebHeadless" time="27.403"/>
  <testcase classname="com.DemoTest.Tests.WebDemoTest" name="LoginDesktopWebHeadless" time="37.079"/>
  <testcase classname="com.DemoTest.Tests.WebDemoTest" name="LoginDesktopWebHeadless" time="27.099"/>
  <testcase classname="com.DemoTest.Tests.WebDemoTest" name="LoginDesktopWebHeadless" time="31.573"/>
  <testcase classname="com.DemoTest.Tests.WebDemoTest" name="LoginDesktopWebHeadless" time="26.545"/>
  <testcase classname="com.DemoTest.Tests.WebDemoTest" name="LoginDesktopWebHeadless" time="21.872"/>
</testsuite> <!-- com.DemoTest.Tests.WebDemoTest -->
