<?xml version="1.0" encoding="UTF-8"?>
<!-- Generated by org.testng.reporters.JUnitReportReporter -->
<testsuite hostname="SL-1155.local" failures="0" tests="6" name="com.DemoTest.Tests.WebDemoTest" time="158.138" errors="0" timestamp="16 Sep 2019 22:07:41 GMT">
  <testcase classname="com.DemoTest.Tests.WebDemoTest" name="Login" time="25.131"/>
  <testcase classname="com.DemoTest.Tests.WebDemoTest" name="Login" time="25.361"/>
  <testcase classname="com.DemoTest.Tests.WebDemoTest" name="Login" time="24.804"/>
  <testcase classname="com.DemoTest.Tests.WebDemoTest" name="Login" time="25.019"/>
  <testcase classname="com.DemoTest.Tests.WebDemoTest" name="Login" time="28.909"/>
  <testcase classname="com.DemoTest.Tests.WebDemoTest" name="Login" time="28.914"/>
</testsuite> <!-- com.DemoTest.Tests.WebDemoTest -->
