<?xml version="1.0" encoding="UTF-8"?>
<!-- Generated by org.testng.reporters.JUnitReportReporter -->
<testsuite hostname="SL-1246" failures="0" tests="5" name="com.DemoTest.Tests.WebDemoTest" time="262.587" errors="0" timestamp="12 Nov 2019 18:56:42 GMT">
  <testcase classname="com.DemoTest.Tests.WebDemoTest" name="Login" time="75.027"/>
  <testcase classname="com.DemoTest.Tests.WebDemoTest" name="Login" time="31.520"/>
  <testcase classname="com.DemoTest.Tests.WebDemoTest" name="Login" time="95.770"/>
  <testcase classname="com.DemoTest.Tests.WebDemoTest" name="Login" time="28.615"/>
  <testcase classname="com.DemoTest.Tests.WebDemoTest" name="Login" time="31.655"/>
</testsuite> <!-- com.DemoTest.Tests.WebDemoTest -->
