<?xml version="1.0" encoding="UTF-8"?>
<!-- Generated by org.testng.reporters.JUnitReportReporter -->
<testsuite hostname="SL-1155.attlocal.net" failures="0" tests="5" name="com.DemoTest.Tests.WebDemoTest" time="106.505" errors="0" timestamp="1 Oct 2019 18:44:14 GMT">
  <testcase classname="com.DemoTest.Tests.WebDemoTest" name="Login" time="24.657"/>
  <testcase classname="com.DemoTest.Tests.WebDemoTest" name="Login" time="18.355"/>
  <testcase classname="com.DemoTest.Tests.WebDemoTest" name="Login" time="25.029"/>
  <testcase classname="com.DemoTest.Tests.WebDemoTest" name="Login" time="20.074"/>
  <testcase classname="com.DemoTest.Tests.WebDemoTest" name="Login" time="18.390"/>
</testsuite> <!-- com.DemoTest.Tests.WebDemoTest -->
