<?xml version="1.0" encoding="UTF-8"?>
<!-- Generated by org.testng.reporters.JUnitReportReporter -->
<testsuite hostname="SL-1155.local" failures="0" tests="6" name="com.DemoTest.Tests.WebDemoTest" time="132.092" errors="0" timestamp="27 Aug 2019 14:22:23 GMT">
  <testcase classname="com.DemoTest.Tests.WebDemoTest" name="Login" time="21.019"/>
  <testcase classname="com.DemoTest.Tests.WebDemoTest" name="Login" time="24.951"/>
  <testcase classname="com.DemoTest.Tests.WebDemoTest" name="Login" time="23.663"/>
  <testcase classname="com.DemoTest.Tests.WebDemoTest" name="Login" time="20.943"/>
  <testcase classname="com.DemoTest.Tests.WebDemoTest" name="Login" time="18.772"/>
  <testcase classname="com.DemoTest.Tests.WebDemoTest" name="Login" time="22.744"/>
</testsuite> <!-- com.DemoTest.Tests.WebDemoTest -->
