<?xml version="1.0" encoding="UTF-8"?>
<!-- Generated by org.testng.reporters.JUnitReportReporter -->
<testsuite hostname="SL-1155.local" failures="0" tests="6" name="com.DemoTest.Tests.WebDemoTest" time="147.530" errors="0" timestamp="16 Sep 2019 19:33:32 GMT">
  <testcase classname="com.DemoTest.Tests.WebDemoTest" name="Login" time="19.715"/>
  <testcase classname="com.DemoTest.Tests.WebDemoTest" name="Login" time="26.633"/>
  <testcase classname="com.DemoTest.Tests.WebDemoTest" name="Login" time="22.555"/>
  <testcase classname="com.DemoTest.Tests.WebDemoTest" name="Login" time="23.882"/>
  <testcase classname="com.DemoTest.Tests.WebDemoTest" name="Login" time="27.327"/>
  <testcase classname="com.DemoTest.Tests.WebDemoTest" name="Login" time="27.418"/>
</testsuite> <!-- com.DemoTest.Tests.WebDemoTest -->
